0 info it worked if it ends with ok
1 verbose cli [ '/home/ubuntu/.nvm/versions/node/v6.11.2/bin/node',
1 verbose cli   '/home/ubuntu/.nvm/versions/node/v6.11.2/bin/npm',
1 verbose cli   'install',
1 verbose cli   'nodejs@10' ]
2 info using npm@3.10.10
3 info using node@v6.11.2
4 silly loadCurrentTree Starting
5 silly install loadCurrentTree
6 silly install readLocalPackageData
7 silly fetchPackageMetaData nodejs@10
8 silly fetchNamedPackageData nodejs
9 silly mapToRegistry name nodejs
10 silly mapToRegistry using default registry
11 silly mapToRegistry registry https://registry.npmjs.org/
12 silly mapToRegistry data Result {
12 silly mapToRegistry   raw: 'nodejs',
12 silly mapToRegistry   scope: null,
12 silly mapToRegistry   escapedName: 'nodejs',
12 silly mapToRegistry   name: 'nodejs',
12 silly mapToRegistry   rawSpec: '',
12 silly mapToRegistry   spec: 'latest',
12 silly mapToRegistry   type: 'tag' }
13 silly mapToRegistry uri https://registry.npmjs.org/nodejs
14 verbose request uri https://registry.npmjs.org/nodejs
15 verbose request no auth needed
16 info attempt registry request try #1 at 1:59:11 AM
17 verbose request id f42d83553e4c1d18
18 http request GET https://registry.npmjs.org/nodejs
19 http 200 https://registry.npmjs.org/nodejs
20 verbose headers { date: 'Mon, 31 Dec 2018 01:59:12 GMT',
20 verbose headers   'content-type': 'application/json; charset=UTF-8',
20 verbose headers   'transfer-encoding': 'chunked',
20 verbose headers   connection: 'keep-alive',
20 verbose headers   'set-cookie': [ '__cfduid=dbcacea8ec762e365646102556dca47841546221552; expires=Tue, 31-Dec-19 01:59:12 GMT; path=/; domain=.registry.npmjs.org; HttpOnly' ],
20 verbose headers   'cf-cache-status': 'REVALIDATED',
20 verbose headers   'cache-control': 'max-age=300',
20 verbose headers   'cf-ray': '4919253c4805c51e-ORD',
20 verbose headers   etag: 'W/"0ab09698bf337294c0516e1729174f6a"',
20 verbose headers   'expect-ct': 'max-age=604800, report-uri="https://report-uri.cloudflare.com/cdn-cgi/beacon/expect-ct"',
20 verbose headers   'last-modified': 'Sun, 27 May 2018 10:27:33 GMT',
20 verbose headers   vary: 'accept-encoding, accept',
20 verbose headers   server: 'cloudflare',
20 verbose headers   'content-encoding': 'gzip' }
21 silly get cb [ 200,
21 silly get   { date: 'Mon, 31 Dec 2018 01:59:12 GMT',
21 silly get     'content-type': 'application/json; charset=UTF-8',
21 silly get     'transfer-encoding': 'chunked',
21 silly get     connection: 'keep-alive',
21 silly get     'set-cookie': [ '__cfduid=dbcacea8ec762e365646102556dca47841546221552; expires=Tue, 31-Dec-19 01:59:12 GMT; path=/; domain=.registry.npmjs.org; HttpOnly' ],
21 silly get     'cf-cache-status': 'REVALIDATED',
21 silly get     'cache-control': 'max-age=300',
21 silly get     'cf-ray': '4919253c4805c51e-ORD',
21 silly get     etag: 'W/"0ab09698bf337294c0516e1729174f6a"',
21 silly get     'expect-ct': 'max-age=604800, report-uri="https://report-uri.cloudflare.com/cdn-cgi/beacon/expect-ct"',
21 silly get     'last-modified': 'Sun, 27 May 2018 10:27:33 GMT',
21 silly get     vary: 'accept-encoding, accept',
21 silly get     server: 'cloudflare',
21 silly get     'content-encoding': 'gzip' } ]
22 verbose get saving nodejs to /home/ubuntu/.npm/registry.npmjs.org/nodejs/.cache.json
23 verbose correctMkdir /home/ubuntu/.npm correctMkdir not in flight; initializing
24 silly fetchPackageMetaData Error: No compatible version found: nodejs@10
24 silly fetchPackageMetaData Valid install targets:
24 silly fetchPackageMetaData 0.0.0
24 silly fetchPackageMetaData
24 silly fetchPackageMetaData     at pickVersionFromRegistryDocument (/home/ubuntu/.nvm/versions/node/v6.11.2/lib/node_modules/npm/lib/fetch-package-metadata.js:178:16)
24 silly fetchPackageMetaData     at /home/ubuntu/.nvm/versions/node/v6.11.2/lib/node_modules/npm/node_modules/iferr/index.js:13:50
24 silly fetchPackageMetaData     at /home/ubuntu/.nvm/versions/node/v6.11.2/lib/node_modules/npm/lib/utils/pulse-till-done.js:20:8
24 silly fetchPackageMetaData     at saved (/home/ubuntu/.nvm/versions/node/v6.11.2/lib/node_modules/npm/lib/cache/caching-client.js:174:7)
24 silly fetchPackageMetaData     at /home/ubuntu/.nvm/versions/node/v6.11.2/lib/node_modules/npm/node_modules/graceful-fs/polyfills.js:241:18
24 silly fetchPackageMetaData     at FSReqWrap.oncomplete (fs.js:123:15)
24 silly fetchPackageMetaData  error for nodejs@10 { Error: No compatible version found: nodejs@10
24 silly fetchPackageMetaData Valid install targets:
24 silly fetchPackageMetaData 0.0.0
24 silly fetchPackageMetaData
24 silly fetchPackageMetaData     at pickVersionFromRegistryDocument (/home/ubuntu/.nvm/versions/node/v6.11.2/lib/node_modules/npm/lib/fetch-package-metadata.js:178:16)
24 silly fetchPackageMetaData     at /home/ubuntu/.nvm/versions/node/v6.11.2/lib/node_modules/npm/node_modules/iferr/index.js:13:50
24 silly fetchPackageMetaData     at /home/ubuntu/.nvm/versions/node/v6.11.2/lib/node_modules/npm/lib/utils/pulse-till-done.js:20:8
24 silly fetchPackageMetaData     at saved (/home/ubuntu/.nvm/versions/node/v6.11.2/lib/node_modules/npm/lib/cache/caching-client.js:174:7)
24 silly fetchPackageMetaData     at /home/ubuntu/.nvm/versions/node/v6.11.2/lib/node_modules/npm/node_modules/graceful-fs/polyfills.js:241:18
24 silly fetchPackageMetaData     at FSReqWrap.oncomplete (fs.js:123:15) code: 'ETARGET' }
25 silly rollbackFailedOptional Starting
26 silly rollbackFailedOptional Finishing
27 silly runTopLevelLifecycles Finishing
28 silly install printInstalled
29 verbose stack Error: No compatible version found: nodejs@10
29 verbose stack Valid install targets:
29 verbose stack 0.0.0
29 verbose stack
29 verbose stack     at pickVersionFromRegistryDocument (/home/ubuntu/.nvm/versions/node/v6.11.2/lib/node_modules/npm/lib/fetch-package-metadata.js:178:16)
29 verbose stack     at /home/ubuntu/.nvm/versions/node/v6.11.2/lib/node_modules/npm/node_modules/iferr/index.js:13:50
29 verbose stack     at /home/ubuntu/.nvm/versions/node/v6.11.2/lib/node_modules/npm/lib/utils/pulse-till-done.js:20:8
29 verbose stack     at saved (/home/ubuntu/.nvm/versions/node/v6.11.2/lib/node_modules/npm/lib/cache/caching-client.js:174:7)
29 verbose stack     at /home/ubuntu/.nvm/versions/node/v6.11.2/lib/node_modules/npm/node_modules/graceful-fs/polyfills.js:241:18
29 verbose stack     at FSReqWrap.oncomplete (fs.js:123:15)
30 verbose cwd /home/ubuntu/workspace/ReportSystem
31 error Linux 4.9.120-c9
32 error argv "/home/ubuntu/.nvm/versions/node/v6.11.2/bin/node" "/home/ubuntu/.nvm/versions/node/v6.11.2/bin/npm" "install" "nodejs@10"
33 error node v6.11.2
34 error npm  v3.10.10
35 error code ETARGET
36 error notarget No compatible version found: nodejs@10
36 error notarget Valid install targets:
36 error notarget 0.0.0
37 error notarget This is most likely not a problem with npm itself.
37 error notarget In most cases you or one of your dependencies are requesting
37 error notarget a package version that doesn't exist.
38 verbose exit [ 1, true ]
